<?xml version="1.0" encoding="UTF-8"?>
<!-- Generated by org.testng.reporters.JUnitXMLReporter -->
<testsuite ignored="0" hostname="Home" failures="3" tests="5" name="Test" time="30.191" errors="0" timestamp="2023-05-21T18:46:05 IST">
  <testcase classname="com.testLayer.CogmentoSiteTest" name="LoginFunctionality" time="0.357"/>
  <testcase classname="com.testLayer.CogmentoSiteTest" name="clickOnLoginButton" time="0.085"/>
  <testcase classname="com.testLayer.CogmentoSiteTest" name="enterEmail" time="0.0">
    <failure type="org.testng.TestNGException" message="
Cannot inject @Test annotated Method [enterEmail] with [class java.lang.String].
For more information on native dependency injection please refer to https://testng.org/doc/documentation-main.html#native-dependency-injection">
      <![CDATA[org.testng.TestNGException: 
Cannot inject @Test annotated Method [enterEmail] with [class java.lang.String].
For more information on native dependency injection please refer to https://testng.org/doc/documentation-main.html#native-dependency-injection
at java.base/java.util.ArrayList.forEach(ArrayList.java:1511)
... Removed 26 stack frames]]>
    </failure>
  </testcase> <!-- enterEmail -->
  <testcase classname="com.testLayer.CogmentoSiteTest" name="enterPassword" time="0.0">
    <failure type="org.testng.TestNGException" message="
Cannot inject @Test annotated Method [enterPassword] with [class java.lang.String].
For more information on native dependency injection please refer to https://testng.org/doc/documentation-main.html#native-dependency-injection">
      <![CDATA[org.testng.TestNGException: 
Cannot inject @Test annotated Method [enterPassword] with [class java.lang.String].
For more information on native dependency injection please refer to https://testng.org/doc/documentation-main.html#native-dependency-injection
at java.base/java.util.ArrayList.forEach(ArrayList.java:1511)
... Removed 26 stack frames]]>
    </failure>
  </testcase> <!-- enterPassword -->
  <testcase classname="com.testLayer.CogmentoSiteTest" name="loginPage" time="0.0">
    <failure type="org.testng.TestNGException" message="
Cannot inject @Test annotated Method [loginPage] with [interface org.openqa.selenium.WebDriver].
For more information on native dependency injection please refer to https://testng.org/doc/documentation-main.html#native-dependency-injection">
      <![CDATA[org.testng.TestNGException: 
Cannot inject @Test annotated Method [loginPage] with [interface org.openqa.selenium.WebDriver].
For more information on native dependency injection please refer to https://testng.org/doc/documentation-main.html#native-dependency-injection
at java.base/java.util.ArrayList.forEach(ArrayList.java:1511)
... Removed 26 stack frames]]>
    </failure>
  </testcase> <!-- loginPage -->
</testsuite> <!-- Test -->
