<?xml version="1.0" encoding="UTF-8"?>
<!-- Generated by org.testng.reporters.JUnitXMLReporter -->
<testsuite ignored="0" hostname="Home" failures="2" tests="4" name="Default test(failed)(failed)" time="3.233" errors="0" timestamp="2023-05-24T04:12:31 IST">
  <testcase classname="com.testLayer.CogmentoSiteTest" name="@BeforeClass init" time="3.135">
    <failure type="java.lang.RuntimeException" message="URl not found in config file">
      <![CDATA[java.lang.RuntimeException: URl not found in config file
at com.utilityLayer.ReadConfigFile.getUrl(ReadConfigFile.java:41)
at com.baseLayer.CogmentoBaseClass.initialization(CogmentoBaseClass.java:38)
at com.testLayer.CogmentoSiteTest.init(CogmentoSiteTest.java:13)
at java.base/java.util.ArrayList.forEach(ArrayList.java:1511)
... Removed 23 stack frames]]>
    </failure>
  </testcase> <!-- @BeforeClass init -->
  <testcase classname="com.testLayer.CogmentoSiteTest" name="@AfterClass tearDown" time="-1.684881751666E9">
    <skipped/>
  </testcase> <!-- @AfterClass tearDown -->
  <testcase classname="com.testLayer.CogmentoSiteTest" name="LoginFunctionality" time="0.0">
    <skipped/>
  </testcase> <!-- LoginFunctionality -->
  <testcase classname="com.testLayer.LoginTestClass" name="enterEmail" time="0.0">
    <failure type="org.testng.TestNGException" message="
Cannot inject @Test annotated Method [enterEmail] with [class java.lang.String].
For more information on native dependency injection please refer to https://testng.org/doc/documentation-main.html#native-dependency-injection">
      <![CDATA[org.testng.TestNGException: 
Cannot inject @Test annotated Method [enterEmail] with [class java.lang.String].
For more information on native dependency injection please refer to https://testng.org/doc/documentation-main.html#native-dependency-injection
at java.base/java.util.ArrayList.forEach(ArrayList.java:1511)
... Removed 26 stack frames]]>
    </failure>
  </testcase> <!-- enterEmail -->
  <testcase classname="com.testLayer.LoginTestClass" name="clickOnLoginButton" time="0.0">
    <skipped/>
  </testcase> <!-- clickOnLoginButton -->
  <testcase classname="com.testLayer.LoginTestClass" name="enterPassword" time="0.0">
    <failure type="org.testng.TestNGException" message="
Cannot inject @Test annotated Method [enterPassword] with [class java.lang.String].
For more information on native dependency injection please refer to https://testng.org/doc/documentation-main.html#native-dependency-injection">
      <![CDATA[org.testng.TestNGException: 
Cannot inject @Test annotated Method [enterPassword] with [class java.lang.String].
For more information on native dependency injection please refer to https://testng.org/doc/documentation-main.html#native-dependency-injection
at java.base/java.util.ArrayList.forEach(ArrayList.java:1511)
... Removed 26 stack frames]]>
    </failure>
  </testcase> <!-- enterPassword -->
</testsuite> <!-- Default test(failed)(failed) -->
