<?xml version="1.0" encoding="UTF-8"?>
<!-- Generated by org.testng.reporters.JUnitXMLReporter -->
<testsuite ignored="0" hostname="Home" failures="1" tests="3" name="Test" time="0.469" errors="0" timestamp="2023-05-17T00:31:00 IST">
  <testcase classname="com.testLayer.Demo" name="asd" time="0.027">
    <failure type="java.lang.AssertionError" message="expected [15] but found [14]">
      <![CDATA[java.lang.AssertionError: expected [15] but found [14]
at com.testLayer.Demo.asd(Demo.java:14)
at java.base/java.util.ArrayList.forEach(ArrayList.java:1511)
... Removed 31 stack frames]]>
    </failure>
  </testcase> <!-- asd -->
  <testcase classname="com.testLayer.Demo" name="mno" time="0.002"/>
  <testcase classname="com.testLayer.Demo" name="opq" time="0.0">
    <skipped/>
  </testcase> <!-- opq -->
</testsuite> <!-- Test -->
